<?xml version="1.0" encoding="UTF-8"?>
<!-- Generated by org.testng.reporters.JUnitReportReporter -->
<testsuite hostname="LAPTOP-IJTKHJ02" failures="0" tests="2" name="runners.MyTestRunner" time="3.531" errors="0" timestamp="2025-01-21T00:34:38 IST" skipped="0">
  <testcase classname="runners.MyTestRunner" name="runScenario" time="2.062"/>
  <testcase classname="runners.MyTestRunner" name="runScenario" time="1.469"/>
</testsuite> <!-- runners.MyTestRunner -->
